mode: set
github.com/Pos1t1veM1ndset/anti-bruteforce/pkg/ip/ip.go:9.43,11.19 2 1
github.com/Pos1t1veM1ndset/anti-bruteforce/pkg/ip/ip.go:14.2,16.25 3 1
github.com/Pos1t1veM1ndset/anti-bruteforce/pkg/ip/ip.go:27.2,27.16 1 1
github.com/Pos1t1veM1ndset/anti-bruteforce/pkg/ip/ip.go:11.19,13.3 1 1
github.com/Pos1t1veM1ndset/anti-bruteforce/pkg/ip/ip.go:16.25,18.17 2 1
github.com/Pos1t1veM1ndset/anti-bruteforce/pkg/ip/ip.go:21.3,21.14 1 1
github.com/Pos1t1veM1ndset/anti-bruteforce/pkg/ip/ip.go:24.3,25.14 2 1
github.com/Pos1t1veM1ndset/anti-bruteforce/pkg/ip/ip.go:18.17,20.4 1 1
github.com/Pos1t1veM1ndset/anti-bruteforce/pkg/ip/ip.go:21.14,23.4 1 0
github.com/Pos1t1veM1ndset/anti-bruteforce/pkg/ip/ip.go:30.32,32.25 2 1
github.com/Pos1t1veM1ndset/anti-bruteforce/pkg/ip/ip.go:41.2,41.15 1 1
github.com/Pos1t1veM1ndset/anti-bruteforce/pkg/ip/ip.go:32.25,35.13 3 1
github.com/Pos1t1veM1ndset/anti-bruteforce/pkg/ip/ip.go:39.3,39.49 1 1
github.com/Pos1t1veM1ndset/anti-bruteforce/pkg/ip/ip.go:35.13,37.12 2 1
github.com/Pos1t1veM1ndset/anti-bruteforce/pkg/ip/ip.go:45.68,46.41 1 1
github.com/Pos1t1veM1ndset/anti-bruteforce/pkg/ip/ip.go:49.2,50.16 2 1
github.com/Pos1t1veM1ndset/anti-bruteforce/pkg/ip/ip.go:53.2,54.16 2 1
github.com/Pos1t1veM1ndset/anti-bruteforce/pkg/ip/ip.go:57.2,58.16 2 1
github.com/Pos1t1veM1ndset/anti-bruteforce/pkg/ip/ip.go:62.2,63.16 2 1
github.com/Pos1t1veM1ndset/anti-bruteforce/pkg/ip/ip.go:67.2,68.45 2 1
github.com/Pos1t1veM1ndset/anti-bruteforce/pkg/ip/ip.go:46.41,48.3 1 1
github.com/Pos1t1veM1ndset/anti-bruteforce/pkg/ip/ip.go:50.16,52.3 1 1
github.com/Pos1t1veM1ndset/anti-bruteforce/pkg/ip/ip.go:54.16,56.3 1 1
github.com/Pos1t1veM1ndset/anti-bruteforce/pkg/ip/ip.go:58.16,60.3 1 1
github.com/Pos1t1veM1ndset/anti-bruteforce/pkg/ip/ip.go:63.16,65.3 1 1
github.com/Pos1t1veM1ndset/anti-bruteforce/internal/redislimiter/redislimiter.go:25.71,34.2 1 1
github.com/Pos1t1veM1ndset/anti-bruteforce/internal/redislimiter/redislimiter.go:36.41,49.2 1 0
github.com/Pos1t1veM1ndset/anti-bruteforce/internal/redislimiter/redislimiter.go:51.58,53.2 1 0
github.com/Pos1t1veM1ndset/anti-bruteforce/internal/redislimiter/redislimiter.go:55.80,57.16 2 1
github.com/Pos1t1veM1ndset/anti-bruteforce/internal/redislimiter/redislimiter.go:60.2,60.24 1 1
github.com/Pos1t1veM1ndset/anti-bruteforce/internal/redislimiter/redislimiter.go:70.2,71.16 2 1
github.com/Pos1t1veM1ndset/anti-bruteforce/internal/redislimiter/redislimiter.go:74.2,74.24 1 1
github.com/Pos1t1veM1ndset/anti-bruteforce/internal/redislimiter/redislimiter.go:84.2,85.46 2 1
github.com/Pos1t1veM1ndset/anti-bruteforce/internal/redislimiter/redislimiter.go:89.2,90.46 2 1
github.com/Pos1t1veM1ndset/anti-bruteforce/internal/redislimiter/redislimiter.go:94.2,95.46 2 1
github.com/Pos1t1veM1ndset/anti-bruteforce/internal/redislimiter/redislimiter.go:99.2,111.16 9 1
github.com/Pos1t1veM1ndset/anti-bruteforce/internal/redislimiter/redislimiter.go:115.2,117.6 1 1
github.com/Pos1t1veM1ndset/anti-bruteforce/internal/redislimiter/redislimiter.go:57.16,59.3 1 0
github.com/Pos1t1veM1ndset/anti-bruteforce/internal/redislimiter/redislimiter.go:60.24,62.17 2 1
github.com/Pos1t1veM1ndset/anti-bruteforce/internal/redislimiter/redislimiter.go:65.3,65.9 1 1
github.com/Pos1t1veM1ndset/anti-bruteforce/internal/redislimiter/redislimiter.go:62.17,64.4 1 0
github.com/Pos1t1veM1ndset/anti-bruteforce/internal/redislimiter/redislimiter.go:65.9,67.4 1 1
github.com/Pos1t1veM1ndset/anti-bruteforce/internal/redislimiter/redislimiter.go:71.16,73.3 1 0
github.com/Pos1t1veM1ndset/anti-bruteforce/internal/redislimiter/redislimiter.go:74.24,76.17 2 1
github.com/Pos1t1veM1ndset/anti-bruteforce/internal/redislimiter/redislimiter.go:79.3,79.9 1 1
github.com/Pos1t1veM1ndset/anti-bruteforce/internal/redislimiter/redislimiter.go:76.17,78.4 1 0
github.com/Pos1t1veM1ndset/anti-bruteforce/internal/redislimiter/redislimiter.go:79.9,81.4 1 1
github.com/Pos1t1veM1ndset/anti-bruteforce/internal/redislimiter/redislimiter.go:85.46,87.3 1 0
github.com/Pos1t1veM1ndset/anti-bruteforce/internal/redislimiter/redislimiter.go:90.46,92.3 1 0
github.com/Pos1t1veM1ndset/anti-bruteforce/internal/redislimiter/redislimiter.go:95.46,97.3 1 0
github.com/Pos1t1veM1ndset/anti-bruteforce/internal/redislimiter/redislimiter.go:111.16,113.3 1 0
github.com/Pos1t1veM1ndset/anti-bruteforce/internal/redislimiter/redislimiter.go:120.91,122.16 2 0
github.com/Pos1t1veM1ndset/anti-bruteforce/internal/redislimiter/redislimiter.go:125.2,125.12 1 0
github.com/Pos1t1veM1ndset/anti-bruteforce/internal/redislimiter/redislimiter.go:122.16,124.3 1 0
github.com/Pos1t1veM1ndset/anti-bruteforce/internal/redislimiter/redislimiter.go:128.85,130.16 2 0
github.com/Pos1t1veM1ndset/anti-bruteforce/internal/redislimiter/redislimiter.go:133.2,133.12 1 0
github.com/Pos1t1veM1ndset/anti-bruteforce/internal/redislimiter/redislimiter.go:130.16,132.3 1 0
github.com/Pos1t1veM1ndset/anti-bruteforce/internal/redislimiter/redislimiter.go:136.90,138.16 2 0
github.com/Pos1t1veM1ndset/anti-bruteforce/internal/redislimiter/redislimiter.go:141.2,141.12 1 0
github.com/Pos1t1veM1ndset/anti-bruteforce/internal/redislimiter/redislimiter.go:138.16,140.3 1 0
github.com/Pos1t1veM1ndset/anti-bruteforce/internal/redislimiter/redislimiter.go:144.85,146.16 2 0
github.com/Pos1t1veM1ndset/anti-bruteforce/internal/redislimiter/redislimiter.go:149.2,149.12 1 0
github.com/Pos1t1veM1ndset/anti-bruteforce/internal/redislimiter/redislimiter.go:146.16,148.3 1 0
github.com/Pos1t1veM1ndset/anti-bruteforce/internal/redislimiter/redislimiter.go:152.90,154.16 2 0
github.com/Pos1t1veM1ndset/anti-bruteforce/internal/redislimiter/redislimiter.go:157.2,157.12 1 0
github.com/Pos1t1veM1ndset/anti-bruteforce/internal/redislimiter/redislimiter.go:154.16,156.3 1 0
github.com/Pos1t1veM1ndset/anti-bruteforce/internal/redislimiter/redislimiter.go:160.59,162.2 1 1
github.com/Pos1t1veM1ndset/anti-bruteforce/internal/redislimiter/redislimiter.go:164.62,166.2 1 1
github.com/Pos1t1veM1ndset/anti-bruteforce/internal/redislimiter/redislimiter.go:168.56,170.2 1 1
github.com/Pos1t1veM1ndset/anti-bruteforce/internal/server/handler.go:19.52,24.2 1 1
github.com/Pos1t1veM1ndset/anti-bruteforce/internal/server/handler.go:30.68,36.45 5 1
github.com/Pos1t1veM1ndset/anti-bruteforce/internal/server/handler.go:40.2,40.21 1 1
github.com/Pos1t1veM1ndset/anti-bruteforce/internal/server/handler.go:36.45,39.3 2 1
github.com/Pos1t1veM1ndset/anti-bruteforce/internal/server/handler.go:43.51,45.16 2 1
github.com/Pos1t1veM1ndset/anti-bruteforce/internal/server/handler.go:48.2,51.46 3 1
github.com/Pos1t1veM1ndset/anti-bruteforce/internal/server/handler.go:54.2,54.16 1 1
github.com/Pos1t1veM1ndset/anti-bruteforce/internal/server/handler.go:45.16,47.3 1 0
github.com/Pos1t1veM1ndset/anti-bruteforce/internal/server/handler.go:51.46,53.3 1 0
github.com/Pos1t1veM1ndset/anti-bruteforce/internal/server/handler.go:57.55,59.16 2 1
github.com/Pos1t1veM1ndset/anti-bruteforce/internal/server/handler.go:62.2,65.46 3 1
github.com/Pos1t1veM1ndset/anti-bruteforce/internal/server/handler.go:68.2,68.16 1 1
github.com/Pos1t1veM1ndset/anti-bruteforce/internal/server/handler.go:59.16,61.3 1 0
github.com/Pos1t1veM1ndset/anti-bruteforce/internal/server/handler.go:65.46,67.3 1 0
github.com/Pos1t1veM1ndset/anti-bruteforce/internal/server/handler.go:71.50,73.16 2 0
github.com/Pos1t1veM1ndset/anti-bruteforce/internal/server/handler.go:81.2,81.12 1 0
github.com/Pos1t1veM1ndset/anti-bruteforce/internal/server/handler.go:73.16,80.3 2 0
github.com/Pos1t1veM1ndset/anti-bruteforce/internal/server/handler.go:84.66,86.33 2 1
github.com/Pos1t1veM1ndset/anti-bruteforce/internal/server/handler.go:90.2,94.16 4 1
github.com/Pos1t1veM1ndset/anti-bruteforce/internal/server/handler.go:108.2,108.35 1 1
github.com/Pos1t1veM1ndset/anti-bruteforce/internal/server/handler.go:113.2,114.16 2 1
github.com/Pos1t1veM1ndset/anti-bruteforce/internal/server/handler.go:128.2,128.9 1 1
github.com/Pos1t1veM1ndset/anti-bruteforce/internal/server/handler.go:86.33,89.3 2 0
github.com/Pos1t1veM1ndset/anti-bruteforce/internal/server/handler.go:94.16,97.17 3 0
github.com/Pos1t1veM1ndset/anti-bruteforce/internal/server/handler.go:105.3,106.9 2 0
github.com/Pos1t1veM1ndset/anti-bruteforce/internal/server/handler.go:97.17,104.4 2 0
github.com/Pos1t1veM1ndset/anti-bruteforce/internal/server/handler.go:108.35,111.3 2 0
github.com/Pos1t1veM1ndset/anti-bruteforce/internal/server/handler.go:114.16,117.17 3 0
github.com/Pos1t1veM1ndset/anti-bruteforce/internal/server/handler.go:125.3,126.9 2 0
github.com/Pos1t1veM1ndset/anti-bruteforce/internal/server/handler.go:117.17,124.4 2 0
github.com/Pos1t1veM1ndset/anti-bruteforce/internal/server/handler.go:128.9,130.3 1 1
github.com/Pos1t1veM1ndset/anti-bruteforce/internal/server/handler.go:133.68,134.33 1 1
github.com/Pos1t1veM1ndset/anti-bruteforce/internal/server/handler.go:138.2,138.35 1 1
github.com/Pos1t1veM1ndset/anti-bruteforce/internal/server/handler.go:142.2,142.44 1 0
github.com/Pos1t1veM1ndset/anti-bruteforce/internal/server/handler.go:134.33,137.3 2 1
github.com/Pos1t1veM1ndset/anti-bruteforce/internal/server/handler.go:138.35,141.3 2 1
github.com/Pos1t1veM1ndset/anti-bruteforce/internal/server/handler.go:145.69,152.16 5 1
github.com/Pos1t1veM1ndset/anti-bruteforce/internal/server/handler.go:156.2,156.53 1 1
github.com/Pos1t1veM1ndset/anti-bruteforce/internal/server/handler.go:152.16,155.3 2 0
github.com/Pos1t1veM1ndset/anti-bruteforce/internal/server/handler.go:156.53,159.3 2 0
github.com/Pos1t1veM1ndset/anti-bruteforce/internal/server/handler.go:162.74,169.16 5 1
github.com/Pos1t1veM1ndset/anti-bruteforce/internal/server/handler.go:173.2,173.58 1 1
github.com/Pos1t1veM1ndset/anti-bruteforce/internal/server/handler.go:169.16,172.3 2 0
github.com/Pos1t1veM1ndset/anti-bruteforce/internal/server/handler.go:173.58,176.3 2 0
github.com/Pos1t1veM1ndset/anti-bruteforce/internal/server/handler.go:179.68,180.33 1 1
github.com/Pos1t1veM1ndset/anti-bruteforce/internal/server/handler.go:184.2,184.35 1 1
github.com/Pos1t1veM1ndset/anti-bruteforce/internal/server/handler.go:188.2,188.44 1 0
github.com/Pos1t1veM1ndset/anti-bruteforce/internal/server/handler.go:180.33,183.3 2 1
github.com/Pos1t1veM1ndset/anti-bruteforce/internal/server/handler.go:184.35,187.3 2 1
github.com/Pos1t1veM1ndset/anti-bruteforce/internal/server/handler.go:191.69,198.16 5 1
github.com/Pos1t1veM1ndset/anti-bruteforce/internal/server/handler.go:202.2,202.53 1 1
github.com/Pos1t1veM1ndset/anti-bruteforce/internal/server/handler.go:198.16,201.3 2 0
github.com/Pos1t1veM1ndset/anti-bruteforce/internal/server/handler.go:202.53,205.3 2 0
github.com/Pos1t1veM1ndset/anti-bruteforce/internal/server/handler.go:208.74,215.16 5 1
github.com/Pos1t1veM1ndset/anti-bruteforce/internal/server/handler.go:219.2,219.58 1 1
github.com/Pos1t1veM1ndset/anti-bruteforce/internal/server/handler.go:215.16,218.3 2 0
github.com/Pos1t1veM1ndset/anti-bruteforce/internal/server/handler.go:219.58,222.3 2 0
github.com/Pos1t1veM1ndset/anti-bruteforce/internal/server/handler.go:225.64,227.33 2 1
github.com/Pos1t1veM1ndset/anti-bruteforce/internal/server/handler.go:232.2,236.16 4 1
github.com/Pos1t1veM1ndset/anti-bruteforce/internal/server/handler.go:241.2,241.64 1 1
github.com/Pos1t1veM1ndset/anti-bruteforce/internal/server/handler.go:227.33,230.3 2 0
github.com/Pos1t1veM1ndset/anti-bruteforce/internal/server/handler.go:236.16,239.3 2 0
github.com/Pos1t1veM1ndset/anti-bruteforce/internal/server/handler.go:241.64,244.3 2 0
github.com/Pos1t1veM1ndset/anti-bruteforce/internal/server/middleware.go:11.80,12.71 1 1
github.com/Pos1t1veM1ndset/anti-bruteforce/internal/server/middleware.go:12.71,17.16 3 1
github.com/Pos1t1veM1ndset/anti-bruteforce/internal/server/middleware.go:23.3,25.33 2 1
github.com/Pos1t1veM1ndset/anti-bruteforce/internal/server/middleware.go:28.3,29.39 2 1
github.com/Pos1t1veM1ndset/anti-bruteforce/internal/server/middleware.go:32.3,33.17 2 1
github.com/Pos1t1veM1ndset/anti-bruteforce/internal/server/middleware.go:17.16,21.4 2 1
github.com/Pos1t1veM1ndset/anti-bruteforce/internal/server/middleware.go:25.33,27.4 1 1
github.com/Pos1t1veM1ndset/anti-bruteforce/internal/server/middleware.go:29.39,31.4 1 1
github.com/Pos1t1veM1ndset/anti-bruteforce/internal/server/middleware.go:33.17,35.4 1 0
github.com/Pos1t1veM1ndset/anti-bruteforce/internal/server/server.go:17.87,25.2 1 1
github.com/Pos1t1veM1ndset/anti-bruteforce/internal/server/server.go:27.51,28.81 1 0
github.com/Pos1t1veM1ndset/anti-bruteforce/internal/server/server.go:31.2,32.12 2 0
github.com/Pos1t1veM1ndset/anti-bruteforce/internal/server/server.go:28.81,30.3 1 0
github.com/Pos1t1veM1ndset/anti-bruteforce/internal/server/server.go:35.50,37.2 1 0
